2020-01-01T16:30:46+00:00 CRITICAL Uncaught Error: Call to undefined function logo() in /var/www/html/wordpress/wp-content/themes/dayolddonuts/header.php:11
Stack trace:
#0 /var/www/html/wordpress/wp-includes/template.php(722): require_once()
#1 /var/www/html/wordpress/wp-includes/template.php(671): load_template('/var/www/html/w...', true)
#2 /var/www/html/wordpress/wp-includes/general-template.php(41): locate_template(Array, true)
#3 /var/www/html/wordpress/wp-content/themes/dayolddonuts/front-page.php(1): get_header()
#4 /var/www/html/wordpress/wp-includes/template-loader.php(98): include('/var/www/html/w...')
#5 /var/www/html/wordpress/wp-blog-header.php(19): require_once('/var/www/html/w...')
#6 /var/www/html/wordpress/index.php(17): require('/var/www/html/w...')
#7 {main}
  thrown in /var/www/html/wordpress/wp-content/themes/dayolddonuts/header.php on line 11

2020-01-01T16:31:03+00:00 CRITICAL Uncaught Error: Call to undefined function customlogo() in /var/www/html/wordpress/wp-content/themes/dayolddonuts/header.php:11
Stack trace:
#0 /var/www/html/wordpress/wp-includes/template.php(722): require_once()
#1 /var/www/html/wordpress/wp-includes/template.php(671): load_template('/var/www/html/w...', true)
#2 /var/www/html/wordpress/wp-includes/general-template.php(41): locate_template(Array, true)
#3 /var/www/html/wordpress/wp-content/themes/dayolddonuts/front-page.php(1): get_header()
#4 /var/www/html/wordpress/wp-includes/template-loader.php(98): include('/var/www/html/w...')
#5 /var/www/html/wordpress/wp-blog-header.php(19): require_once('/var/www/html/w...')
#6 /var/www/html/wordpress/index.php(17): require('/var/www/html/w...')
#7 {main}
  thrown in /var/www/html/wordpress/wp-content/themes/dayolddonuts/header.php on line 11

2020-01-01T16:34:51+00:00 CRITICAL syntax error, unexpected 'add_action' (T_STRING) in /var/www/html/wordpress/wp-content/themes/dayolddonuts/functions.php on line 26

