2019-12-30T00:38:24+00:00 CRITICAL syntax error, unexpected '<' in /var/www/html/wordpress/wp-content/themes/dayolddonuts/front-page.php on line 11

2019-12-30T00:38:51+00:00 CRITICAL syntax error, unexpected end of file in /var/www/html/wordpress/wp-content/themes/dayolddonuts/front-page.php on line 14

2019-12-30T00:39:43+00:00 CRITICAL syntax error, unexpected end of file in /var/www/html/wordpress/wp-content/themes/dayolddonuts/front-page.php on line 14

2019-12-30T00:40:32+00:00 CRITICAL syntax error, unexpected end of file in /var/www/html/wordpress/wp-content/themes/dayolddonuts/front-page.php on line 14

2019-12-30T00:40:33+00:00 CRITICAL syntax error, unexpected end of file in /var/www/html/wordpress/wp-content/themes/dayolddonuts/front-page.php on line 14

2019-12-30T00:41:10+00:00 CRITICAL syntax error, unexpected end of file in /var/www/html/wordpress/wp-content/themes/dayolddonuts/front-page.php on line 14

2019-12-30T00:42:07+00:00 CRITICAL syntax error, unexpected end of file, expecting elseif (T_ELSEIF) or else (T_ELSE) or endif (T_ENDIF) in /var/www/html/wordpress/wp-content/themes/dayolddonuts/front-page.php on line 16

2019-12-30T01:01:37+00:00 CRITICAL syntax error, unexpected '<' in /var/www/html/wordpress/wp-content/themes/dayolddonuts/front-page.php on line 11

2019-12-30T01:12:38+00:00 CRITICAL Uncaught Error: Call to undefined function get_post_url() in /var/www/html/wordpress/wp-content/themes/dayolddonuts/front-page.php:13
Stack trace:
#0 /var/www/html/wordpress/wp-includes/template-loader.php(98): include()
#1 /var/www/html/wordpress/wp-blog-header.php(19): require_once('/var/www/html/w...')
#2 /var/www/html/wordpress/index.php(17): require('/var/www/html/w...')
#3 {main}
  thrown in /var/www/html/wordpress/wp-content/themes/dayolddonuts/front-page.php on line 13

2019-12-30T01:12:49+00:00 CRITICAL Uncaught Error: Call to undefined function post_id() in /var/www/html/wordpress/wp-content/themes/dayolddonuts/front-page.php:13
Stack trace:
#0 /var/www/html/wordpress/wp-includes/template-loader.php(98): include()
#1 /var/www/html/wordpress/wp-blog-header.php(19): require_once('/var/www/html/w...')
#2 /var/www/html/wordpress/index.php(17): require('/var/www/html/w...')
#3 {main}
  thrown in /var/www/html/wordpress/wp-content/themes/dayolddonuts/front-page.php on line 13

2019-12-30T01:13:38+00:00 CRITICAL syntax error, unexpected ';', expecting ')' in /var/www/html/wordpress/wp-content/themes/dayolddonuts/front-page.php on line 13

2019-12-30T01:13:50+00:00 CRITICAL Uncaught Error: Call to undefined function post_id() in /var/www/html/wordpress/wp-content/themes/dayolddonuts/front-page.php:13
Stack trace:
#0 /var/www/html/wordpress/wp-includes/template-loader.php(98): include()
#1 /var/www/html/wordpress/wp-blog-header.php(19): require_once('/var/www/html/w...')
#2 /var/www/html/wordpress/index.php(17): require('/var/www/html/w...')
#3 {main}
  thrown in /var/www/html/wordpress/wp-content/themes/dayolddonuts/front-page.php on line 13

2019-12-30T01:15:19+00:00 CRITICAL syntax error, unexpected '<' in /var/www/html/wordpress/wp-content/themes/dayolddonuts/front-page.php on line 13

2019-12-30T01:16:04+00:00 CRITICAL syntax error, unexpected '>' in /var/www/html/wordpress/wp-content/themes/dayolddonuts/front-page.php on line 12

2019-12-30T01:20:26+00:00 CRITICAL syntax error, unexpected '.' in /var/www/html/wordpress/wp-content/themes/dayolddonuts/front-page.php on line 12

2019-12-30T01:21:32+00:00 CRITICAL syntax error, unexpected '<' in /var/www/html/wordpress/wp-content/themes/dayolddonuts/front-page.php on line 12

2019-12-30T01:21:50+00:00 CRITICAL syntax error, unexpected '.' in /var/www/html/wordpress/wp-content/themes/dayolddonuts/front-page.php on line 12

2019-12-30T01:21:51+00:00 CRITICAL syntax error, unexpected '.' in /var/www/html/wordpress/wp-content/themes/dayolddonuts/front-page.php on line 12

2019-12-30T01:23:21+00:00 CRITICAL syntax error, unexpected '.' in /var/www/html/wordpress/wp-content/themes/dayolddonuts/front-page.php on line 12

2019-12-30T01:25:02+00:00 CRITICAL syntax error, unexpected 'get_the_time' (T_STRING) in /var/www/html/wordpress/wp-content/themes/dayolddonuts/front-page.php on line 12

2019-12-30T01:25:03+00:00 CRITICAL syntax error, unexpected 'get_the_time' (T_STRING) in /var/www/html/wordpress/wp-content/themes/dayolddonuts/front-page.php on line 12

2019-12-30T01:25:22+00:00 CRITICAL syntax error, unexpected 'get_the_time' (T_STRING) in /var/www/html/wordpress/wp-content/themes/dayolddonuts/front-page.php on line 12

2019-12-30T01:25:34+00:00 CRITICAL syntax error, unexpected '' '' (T_CONSTANT_ENCAPSED_STRING), expecting ',' or ';' in /var/www/html/wordpress/wp-content/themes/dayolddonuts/front-page.php on line 12

2019-12-30T01:27:29+00:00 CRITICAL syntax error, unexpected '.' in /var/www/html/wordpress/wp-content/themes/dayolddonuts/front-page.php on line 12

2019-12-30T01:28:01+00:00 CRITICAL syntax error, unexpected '<' in /var/www/html/wordpress/wp-content/themes/dayolddonuts/front-page.php on line 13

2019-12-30T01:28:58+00:00 CRITICAL Uncaught ArgumentCountError: Too few arguments to function wc_get_page_id(), 0 passed in /var/www/html/wordpress/wp-content/themes/dayolddonuts/front-page.php on line 24 and exactly 1 expected in /var/www/html/wordpress/wp-content/plugins/woocommerce/includes/wc-page-functions.php:41
Stack trace:
#0 /var/www/html/wordpress/wp-content/themes/dayolddonuts/front-page.php(24): wc_get_page_id()
#1 /var/www/html/wordpress/wp-includes/template-loader.php(98): include('/var/www/html/w...')
#2 /var/www/html/wordpress/wp-blog-header.php(19): require_once('/var/www/html/w...')
#3 /var/www/html/wordpress/index.php(17): require('/var/www/html/w...')
#4 {main}
  thrown in /var/www/html/wordpress/wp-content/plugins/woocommerce/includes/wc-page-functions.php on line 41

2019-12-30T01:29:13+00:00 CRITICAL Uncaught Error: Call to undefined function get_page_id() in /var/www/html/wordpress/wp-content/themes/dayolddonuts/front-page.php:24
Stack trace:
#0 /var/www/html/wordpress/wp-includes/template-loader.php(98): include()
#1 /var/www/html/wordpress/wp-blog-header.php(19): require_once('/var/www/html/w...')
#2 /var/www/html/wordpress/index.php(17): require('/var/www/html/w...')
#3 {main}
  thrown in /var/www/html/wordpress/wp-content/themes/dayolddonuts/front-page.php on line 24

2019-12-30T01:29:14+00:00 CRITICAL Uncaught Error: Call to undefined function get_page_id() in /var/www/html/wordpress/wp-content/themes/dayolddonuts/front-page.php:24
Stack trace:
#0 /var/www/html/wordpress/wp-includes/template-loader.php(98): include()
#1 /var/www/html/wordpress/wp-blog-header.php(19): require_once('/var/www/html/w...')
#2 /var/www/html/wordpress/index.php(17): require('/var/www/html/w...')
#3 {main}
  thrown in /var/www/html/wordpress/wp-content/themes/dayolddonuts/front-page.php on line 24

2019-12-30T01:29:29+00:00 CRITICAL Uncaught Error: Call to undefined function page_id() in /var/www/html/wordpress/wp-content/themes/dayolddonuts/front-page.php:24
Stack trace:
#0 /var/www/html/wordpress/wp-includes/template-loader.php(98): include()
#1 /var/www/html/wordpress/wp-blog-header.php(19): require_once('/var/www/html/w...')
#2 /var/www/html/wordpress/index.php(17): require('/var/www/html/w...')
#3 {main}
  thrown in /var/www/html/wordpress/wp-content/themes/dayolddonuts/front-page.php on line 24

2019-12-30T01:29:45+00:00 CRITICAL Uncaught Error: Call to undefined function get_the_page_id() in /var/www/html/wordpress/wp-content/themes/dayolddonuts/front-page.php:24
Stack trace:
#0 /var/www/html/wordpress/wp-includes/template-loader.php(98): include()
#1 /var/www/html/wordpress/wp-blog-header.php(19): require_once('/var/www/html/w...')
#2 /var/www/html/wordpress/index.php(17): require('/var/www/html/w...')
#3 {main}
  thrown in /var/www/html/wordpress/wp-content/themes/dayolddonuts/front-page.php on line 24

2019-12-30T01:52:35+00:00 CRITICAL syntax error, unexpected '=', expecting ')' in /var/www/html/wordpress/wp-content/themes/dayolddonuts/functions.php on line 19

2019-12-30T01:53:28+00:00 CRITICAL syntax error, unexpected '=', expecting ')' in /var/www/html/wordpress/wp-content/themes/dayolddonuts/functions.php on line 19

2019-12-30T01:54:09+00:00 CRITICAL syntax error, unexpected '=', expecting ')' in /var/www/html/wordpress/wp-content/themes/dayolddonuts/functions.php on line 19

2019-12-30T02:05:25+00:00 CRITICAL Uncaught Error: Call to undefined function custom_header() in /var/www/html/wordpress/wp-content/themes/dayolddonuts/front-page.php:4
Stack trace:
#0 /var/www/html/wordpress/wp-includes/template-loader.php(98): include()
#1 /var/www/html/wordpress/wp-blog-header.php(19): require_once('/var/www/html/w...')
#2 /var/www/html/wordpress/index.php(17): require('/var/www/html/w...')
#3 {main}
  thrown in /var/www/html/wordpress/wp-content/themes/dayolddonuts/front-page.php on line 4

2019-12-30T02:26:38+00:00 CRITICAL syntax error, unexpected '=>' (T_DOUBLE_ARROW) in /var/www/html/wordpress/wp-content/themes/dayolddonuts/functions.php on line 33

2019-12-30T02:27:08+00:00 CRITICAL syntax error, unexpected '=>' (T_DOUBLE_ARROW) in /var/www/html/wordpress/wp-content/themes/dayolddonuts/functions.php on line 33

2019-12-30T02:46:57+00:00 CRITICAL Uncaught Error: Call to undefined function header_class() in /var/www/html/wordpress/wp-content/themes/dayolddonuts/header.php:10
Stack trace:
#0 /var/www/html/wordpress/wp-includes/template.php(722): require_once()
#1 /var/www/html/wordpress/wp-includes/template.php(671): load_template('/var/www/html/w...', true)
#2 /var/www/html/wordpress/wp-includes/general-template.php(41): locate_template(Array, true)
#3 /var/www/html/wordpress/wp-content/themes/dayolddonuts/front-page.php(1): get_header()
#4 /var/www/html/wordpress/wp-includes/template-loader.php(98): include('/var/www/html/w...')
#5 /var/www/html/wordpress/wp-blog-header.php(19): require_once('/var/www/html/w...')
#6 /var/www/html/wordpress/index.php(17): require('/var/www/html/w...')
#7 {main}
  thrown in /var/www/html/wordpress/wp-content/themes/dayolddonuts/header.php on line 10

2019-12-30T02:55:19+00:00 CRITICAL Uncaught Error: Call to undefined function custom_header() in /var/www/html/wordpress/wp-content/themes/dayolddonuts/header.php:13
Stack trace:
#0 /var/www/html/wordpress/wp-includes/template.php(722): require_once()
#1 /var/www/html/wordpress/wp-includes/template.php(671): load_template('/var/www/html/w...', true)
#2 /var/www/html/wordpress/wp-includes/general-template.php(41): locate_template(Array, true)
#3 /var/www/html/wordpress/wp-content/themes/dayolddonuts/front-page.php(1): get_header()
#4 /var/www/html/wordpress/wp-includes/template-loader.php(98): include('/var/www/html/w...')
#5 /var/www/html/wordpress/wp-blog-header.php(19): require_once('/var/www/html/w...')
#6 /var/www/html/wordpress/index.php(17): require('/var/www/html/w...')
#7 {main}
  thrown in /var/www/html/wordpress/wp-content/themes/dayolddonuts/header.php on line 13

2019-12-30T02:55:28+00:00 CRITICAL Uncaught Error: Call to undefined function the_custom_header() in /var/www/html/wordpress/wp-content/themes/dayolddonuts/header.php:13
Stack trace:
#0 /var/www/html/wordpress/wp-includes/template.php(722): require_once()
#1 /var/www/html/wordpress/wp-includes/template.php(671): load_template('/var/www/html/w...', true)
#2 /var/www/html/wordpress/wp-includes/general-template.php(41): locate_template(Array, true)
#3 /var/www/html/wordpress/wp-content/themes/dayolddonuts/front-page.php(1): get_header()
#4 /var/www/html/wordpress/wp-includes/template-loader.php(98): include('/var/www/html/w...')
#5 /var/www/html/wordpress/wp-blog-header.php(19): require_once('/var/www/html/w...')
#6 /var/www/html/wordpress/index.php(17): require('/var/www/html/w...')
#7 {main}
  thrown in /var/www/html/wordpress/wp-content/themes/dayolddonuts/header.php on line 13

2019-12-30T02:58:01+00:00 CRITICAL syntax error, unexpected ',' in /var/www/html/wordpress/wp-content/themes/dayolddonuts/functions.php on line 25

2019-12-30T03:00:51+00:00 CRITICAL Uncaught Error: Call to undefined function the_custom_header() in /var/www/html/wordpress/wp-content/themes/dayolddonuts/header.php:13
Stack trace:
#0 /var/www/html/wordpress/wp-includes/template.php(722): require_once()
#1 /var/www/html/wordpress/wp-includes/template.php(671): load_template('/var/www/html/w...', true)
#2 /var/www/html/wordpress/wp-includes/general-template.php(41): locate_template(Array, true)
#3 /var/www/html/wordpress/wp-content/themes/dayolddonuts/front-page.php(1): get_header()
#4 /var/www/html/wordpress/wp-includes/template-loader.php(98): include('/var/www/html/w...')
#5 /var/www/html/wordpress/wp-blog-header.php(19): require_once('/var/www/html/w...')
#6 /var/www/html/wordpress/index.php(17): require('/var/www/html/w...')
#7 {main}
  thrown in /var/www/html/wordpress/wp-content/themes/dayolddonuts/header.php on line 13

2019-12-30T03:01:02+00:00 CRITICAL Uncaught Error: Call to undefined function custom_header() in /var/www/html/wordpress/wp-content/themes/dayolddonuts/header.php:13
Stack trace:
#0 /var/www/html/wordpress/wp-includes/template.php(722): require_once()
#1 /var/www/html/wordpress/wp-includes/template.php(671): load_template('/var/www/html/w...', true)
#2 /var/www/html/wordpress/wp-includes/general-template.php(41): locate_template(Array, true)
#3 /var/www/html/wordpress/wp-content/themes/dayolddonuts/front-page.php(1): get_header()
#4 /var/www/html/wordpress/wp-includes/template-loader.php(98): include('/var/www/html/w...')
#5 /var/www/html/wordpress/wp-blog-header.php(19): require_once('/var/www/html/w...')
#6 /var/www/html/wordpress/index.php(17): require('/var/www/html/w...')
#7 {main}
  thrown in /var/www/html/wordpress/wp-content/themes/dayolddonuts/header.php on line 13

2019-12-30T03:01:42+00:00 CRITICAL Uncaught Error: Call to undefined function the_custom_header() in /var/www/html/wordpress/wp-content/themes/dayolddonuts/header.php:13
Stack trace:
#0 /var/www/html/wordpress/wp-includes/template.php(722): require_once()
#1 /var/www/html/wordpress/wp-includes/template.php(671): load_template('/var/www/html/w...', true)
#2 /var/www/html/wordpress/wp-includes/general-template.php(41): locate_template(Array, true)
#3 /var/www/html/wordpress/wp-content/themes/dayolddonuts/front-page.php(1): get_header()
#4 /var/www/html/wordpress/wp-includes/template-loader.php(98): include('/var/www/html/w...')
#5 /var/www/html/wordpress/wp-blog-header.php(19): require_once('/var/www/html/w...')
#6 /var/www/html/wordpress/index.php(17): require('/var/www/html/w...')
#7 {main}
  thrown in /var/www/html/wordpress/wp-content/themes/dayolddonuts/header.php on line 13

2019-12-30T03:03:03+00:00 CRITICAL Uncaught Error: Call to undefined function custom_header() in /var/www/html/wordpress/wp-content/themes/dayolddonuts/header.php:13
Stack trace:
#0 /var/www/html/wordpress/wp-includes/template.php(722): require_once()
#1 /var/www/html/wordpress/wp-includes/template.php(671): load_template('/var/www/html/w...', true)
#2 /var/www/html/wordpress/wp-includes/general-template.php(41): locate_template(Array, true)
#3 /var/www/html/wordpress/wp-content/themes/dayolddonuts/front-page.php(1): get_header()
#4 /var/www/html/wordpress/wp-includes/template-loader.php(98): include('/var/www/html/w...')
#5 /var/www/html/wordpress/wp-blog-header.php(19): require_once('/var/www/html/w...')
#6 /var/www/html/wordpress/index.php(17): require('/var/www/html/w...')
#7 {main}
  thrown in /var/www/html/wordpress/wp-content/themes/dayolddonuts/header.php on line 13

2019-12-30T03:03:20+00:00 CRITICAL Uncaught Error: Call to undefined function the_custom_header_setup() in /var/www/html/wordpress/wp-content/themes/dayolddonuts/header.php:13
Stack trace:
#0 /var/www/html/wordpress/wp-includes/template.php(722): require_once()
#1 /var/www/html/wordpress/wp-includes/template.php(671): load_template('/var/www/html/w...', true)
#2 /var/www/html/wordpress/wp-includes/general-template.php(41): locate_template(Array, true)
#3 /var/www/html/wordpress/wp-content/themes/dayolddonuts/front-page.php(1): get_header()
#4 /var/www/html/wordpress/wp-includes/template-loader.php(98): include('/var/www/html/w...')
#5 /var/www/html/wordpress/wp-blog-header.php(19): require_once('/var/www/html/w...')
#6 /var/www/html/wordpress/index.php(17): require('/var/www/html/w...')
#7 {main}
  thrown in /var/www/html/wordpress/wp-content/themes/dayolddonuts/header.php on line 13

